<html>
<head>
<title>TestNG:  Test</title>
<link href="../testng.css" rel="stylesheet" type="text/css" />
<link href="../my-testng.css" rel="stylesheet" type="text/css" />

<style type="text/css">
.log { display: none;} 
.stack-trace { display: none;} 
</style>
<script type="text/javascript">
<!--
function flip(e) {
  current = e.style.display;
  if (current == 'block') {
    e.style.display = 'none';
    return 0;
  }
  else {
    e.style.display = 'block';
    return 1;
  }
}

function toggleBox(szDivId, elem, msg1, msg2)
{
  var res = -1;  if (document.getElementById) {
    res = flip(document.getElementById(szDivId));
  }
  else if (document.all) {
    // this is the way old msie versions work
    res = flip(document.all[szDivId]);
  }
  if(elem) {
    if(res == 0) elem.innerHTML = msg1; else elem.innerHTML = msg2;
  }

}

function toggleAllBoxes() {
  if (document.getElementsByTagName) {
    d = document.getElementsByTagName('div');
    for (i = 0; i < d.length; i++) {
      if (d[i].className == 'log') {
        flip(d[i]);
      }
    }
  }
}

// -->
</script>

</head>
<body>
<h2 align='center'>Test</h2><table border='1' align="center">
<tr>
<td>Tests passed/Failed/Skipped:</td><td>23/3/0</td>
</tr><tr>
<td>Started on:</td><td>Mon Mar 25 15:25:11 IST 2024</td>
</tr>
<tr><td>Total time:</td><td>69 seconds (69594 ms)</td>
</tr><tr>
<td>Included groups:</td><td>Master </td>
</tr><tr>
<td>Excluded groups:</td><td></td>
</tr>
</table><p/>
<small><i>(Hover the method name to see the test class name)</i></small><p/>
<table width='100%' border='1' class='invocation-failed'>
<tr><td colspan='4' align='center'><b>FAILED TESTS</b></td></tr>
<tr><td><b>Test method</b></td>
<td><b>Attribute(s)</b></td>
<td width="30%"><b>Exception</b></td>
<td width="10%"><b>Time (seconds)</b></td>
<td><b>Instance</b></td>
</tr>
<tr>
<td title='testCases.TS_04_DisplayBookShelvesDetails.tc_013_displayBookshelvesDetails()'><b>tc_013_displayBookshelvesDetails</b><br>Test class: testCases.TS_04_DisplayBookShelvesDetails</td>
<td><div><pre>java.lang.AssertionError: .\dataTables\testResult.xlsx (The process cannot access the file because it is being used by another process)
	at testCases.TS_04_DisplayBookShelvesDetails.tc_013_displayBookshelvesDetails(TS_04_DisplayBookShelvesDetails.java:43)
	at java.base/java.util.ArrayList.forEach(ArrayList.java:1511)
... Removed 32 stack frames</pre></div><a href='#' onClick='toggleBox("stack-trace202696101", this, "Click to show all stack frames", "Click to hide stack frames")'>Click to show all stack frames</a>
<div class='stack-trace' id='stack-trace202696101'><pre>java.lang.AssertionError: .\dataTables\testResult.xlsx (The process cannot access the file because it is being used by another process)
	at org.testng.Assert.fail(Assert.java:111)
	at testCases.TS_04_DisplayBookShelvesDetails.tc_013_displayBookshelvesDetails(TS_04_DisplayBookShelvesDetails.java:43)
	at java.base/jdk.internal.reflect.NativeMethodAccessorImpl.invoke0(Native Method)
	at java.base/jdk.internal.reflect.NativeMethodAccessorImpl.invoke(NativeMethodAccessorImpl.java:77)
	at java.base/jdk.internal.reflect.DelegatingMethodAccessorImpl.invoke(DelegatingMethodAccessorImpl.java:43)
	at java.base/java.lang.reflect.Method.invoke(Method.java:568)
	at org.testng.internal.invokers.MethodInvocationHelper.invokeMethod(MethodInvocationHelper.java:139)
	at org.testng.internal.invokers.TestInvoker.invokeMethod(TestInvoker.java:664)
	at org.testng.internal.invokers.TestInvoker.invokeTestMethod(TestInvoker.java:228)
	at org.testng.internal.invokers.MethodRunner.runInSequence(MethodRunner.java:63)
	at org.testng.internal.invokers.TestInvoker$MethodInvocationAgent.invoke(TestInvoker.java:961)
	at org.testng.internal.invokers.TestInvoker.invokeTestMethods(TestInvoker.java:201)
	at org.testng.internal.invokers.TestMethodWorker.invokeTestMethods(TestMethodWorker.java:148)
	at org.testng.internal.invokers.TestMethodWorker.run(TestMethodWorker.java:128)
	at java.base/java.util.ArrayList.forEach(ArrayList.java:1511)
	at org.testng.TestRunner.privateRun(TestRunner.java:819)
	at org.testng.TestRunner.run(TestRunner.java:619)
	at org.testng.SuiteRunner.runTest(SuiteRunner.java:443)
	at org.testng.SuiteRunner.runSequentially(SuiteRunner.java:437)
	at org.testng.SuiteRunner.privateRun(SuiteRunner.java:397)
	at org.testng.SuiteRunner.run(SuiteRunner.java:336)
	at org.testng.SuiteRunnerWorker.runSuite(SuiteRunnerWorker.java:52)
	at org.testng.SuiteRunnerWorker.run(SuiteRunnerWorker.java:95)
	at org.testng.TestNG.runSuitesSequentially(TestNG.java:1301)
	at org.testng.TestNG.runSuitesLocally(TestNG.java:1228)
	at org.testng.TestNG.runSuites(TestNG.java:1134)
	at org.testng.TestNG.run(TestNG.java:1101)
	at org.apache.maven.surefire.testng.TestNGExecutor.run(TestNGExecutor.java:308)
	at org.apache.maven.surefire.testng.TestNGXmlTestSuite.execute(TestNGXmlTestSuite.java:71)
	at org.apache.maven.surefire.testng.TestNGProvider.invoke(TestNGProvider.java:113)
	at org.apache.maven.surefire.booter.ForkedBooter.runSuitesInProcess(ForkedBooter.java:385)
	at org.apache.maven.surefire.booter.ForkedBooter.execute(ForkedBooter.java:162)
	at org.apache.maven.surefire.booter.ForkedBooter.run(ForkedBooter.java:507)
	at org.apache.maven.surefire.booter.ForkedBooter.main(ForkedBooter.java:495)
</pre></div></td>
<td>6</td>
<td>testCases.TS_04_DisplayBookShelvesDetails@4b8d604b</td></tr>
<tr>
<td title='testCases.TS_05_GetListOfSubMenuItems.tc_014_isHomeDecorMenuPresent()'><b>tc_014_isHomeDecorMenuPresent</b><br>Test class: testCases.TS_05_GetListOfSubMenuItems</td>
<td><div><pre>java.lang.AssertionError: Expected condition failed: waiting for visibility of element located by By.xpath: //ul[@class = &apos;inline-list left&apos;]/li[5]//a[text() = &apos;Home Decor&apos;] (tried for 25 second(s) with 5000 milliseconds interval)
Build info: version: &apos;4.18.1&apos;, revision: &apos;b1d3319b48&apos;
System info: os.name: &apos;Windows 11&apos;, os.arch: &apos;amd64&apos;, os.version: &apos;10.0&apos;, java.version: &apos;17.0.10&apos;
Driver info: driver.version: unknown
	at testCases.TS_05_GetListOfSubMenuItems.tc_014_isHomeDecorMenuPresent(TS_05_GetListOfSubMenuItems.java:36)
	at java.base/java.util.ArrayList.forEach(ArrayList.java:1511)
... Removed 32 stack frames</pre></div><a href='#' onClick='toggleBox("stack-trace1427396510", this, "Click to show all stack frames", "Click to hide stack frames")'>Click to show all stack frames</a>
<div class='stack-trace' id='stack-trace1427396510'><pre>java.lang.AssertionError: Expected condition failed: waiting for visibility of element located by By.xpath: //ul[@class = &apos;inline-list left&apos;]/li[5]//a[text() = &apos;Home Decor&apos;] (tried for 25 second(s) with 5000 milliseconds interval)
Build info: version: &apos;4.18.1&apos;, revision: &apos;b1d3319b48&apos;
System info: os.name: &apos;Windows 11&apos;, os.arch: &apos;amd64&apos;, os.version: &apos;10.0&apos;, java.version: &apos;17.0.10&apos;
Driver info: driver.version: unknown
	at org.testng.Assert.fail(Assert.java:111)
	at testCases.TS_05_GetListOfSubMenuItems.tc_014_isHomeDecorMenuPresent(TS_05_GetListOfSubMenuItems.java:36)
	at java.base/jdk.internal.reflect.NativeMethodAccessorImpl.invoke0(Native Method)
	at java.base/jdk.internal.reflect.NativeMethodAccessorImpl.invoke(NativeMethodAccessorImpl.java:77)
	at java.base/jdk.internal.reflect.DelegatingMethodAccessorImpl.invoke(DelegatingMethodAccessorImpl.java:43)
	at java.base/java.lang.reflect.Method.invoke(Method.java:568)
	at org.testng.internal.invokers.MethodInvocationHelper.invokeMethod(MethodInvocationHelper.java:139)
	at org.testng.internal.invokers.TestInvoker.invokeMethod(TestInvoker.java:664)
	at org.testng.internal.invokers.TestInvoker.invokeTestMethod(TestInvoker.java:228)
	at org.testng.internal.invokers.MethodRunner.runInSequence(MethodRunner.java:63)
	at org.testng.internal.invokers.TestInvoker$MethodInvocationAgent.invoke(TestInvoker.java:961)
	at org.testng.internal.invokers.TestInvoker.invokeTestMethods(TestInvoker.java:201)
	at org.testng.internal.invokers.TestMethodWorker.invokeTestMethods(TestMethodWorker.java:148)
	at org.testng.internal.invokers.TestMethodWorker.run(TestMethodWorker.java:128)
	at java.base/java.util.ArrayList.forEach(ArrayList.java:1511)
	at org.testng.TestRunner.privateRun(TestRunner.java:819)
	at org.testng.TestRunner.run(TestRunner.java:619)
	at org.testng.SuiteRunner.runTest(SuiteRunner.java:443)
	at org.testng.SuiteRunner.runSequentially(SuiteRunner.java:437)
	at org.testng.SuiteRunner.privateRun(SuiteRunner.java:397)
	at org.testng.SuiteRunner.run(SuiteRunner.java:336)
	at org.testng.SuiteRunnerWorker.runSuite(SuiteRunnerWorker.java:52)
	at org.testng.SuiteRunnerWorker.run(SuiteRunnerWorker.java:95)
	at org.testng.TestNG.runSuitesSequentially(TestNG.java:1301)
	at org.testng.TestNG.runSuitesLocally(TestNG.java:1228)
	at org.testng.TestNG.runSuites(TestNG.java:1134)
	at org.testng.TestNG.run(TestNG.java:1101)
	at org.apache.maven.surefire.testng.TestNGExecutor.run(TestNGExecutor.java:308)
	at org.apache.maven.surefire.testng.TestNGXmlTestSuite.execute(TestNGXmlTestSuite.java:71)
	at org.apache.maven.surefire.testng.TestNGProvider.invoke(TestNGProvider.java:113)
	at org.apache.maven.surefire.booter.ForkedBooter.runSuitesInProcess(ForkedBooter.java:385)
	at org.apache.maven.surefire.booter.ForkedBooter.execute(ForkedBooter.java:162)
	at org.apache.maven.surefire.booter.ForkedBooter.run(ForkedBooter.java:507)
	at org.apache.maven.surefire.booter.ForkedBooter.main(ForkedBooter.java:495)
</pre></div></td>
<td>25</td>
<td>testCases.TS_05_GetListOfSubMenuItems@5e7cd6cc</td></tr>
<tr>
<td title='testCases.TS_05_GetListOfSubMenuItems.tc_015_getHomeDecorSubMenuItems()'><b>tc_015_getHomeDecorSubMenuItems</b><br>Test class: testCases.TS_05_GetListOfSubMenuItems</td>
<td><div><pre>java.lang.AssertionError: .\dataTables\testResult.xlsx (The process cannot access the file because it is being used by another process)
	at testCases.TS_05_GetListOfSubMenuItems.tc_015_getHomeDecorSubMenuItems(TS_05_GetListOfSubMenuItems.java:60)
	at java.base/java.util.ArrayList.forEach(ArrayList.java:1511)
... Removed 32 stack frames</pre></div><a href='#' onClick='toggleBox("stack-trace284902773", this, "Click to show all stack frames", "Click to hide stack frames")'>Click to show all stack frames</a>
<div class='stack-trace' id='stack-trace284902773'><pre>java.lang.AssertionError: .\dataTables\testResult.xlsx (The process cannot access the file because it is being used by another process)
	at org.testng.Assert.fail(Assert.java:111)
	at testCases.TS_05_GetListOfSubMenuItems.tc_015_getHomeDecorSubMenuItems(TS_05_GetListOfSubMenuItems.java:60)
	at java.base/jdk.internal.reflect.NativeMethodAccessorImpl.invoke0(Native Method)
	at java.base/jdk.internal.reflect.NativeMethodAccessorImpl.invoke(NativeMethodAccessorImpl.java:77)
	at java.base/jdk.internal.reflect.DelegatingMethodAccessorImpl.invoke(DelegatingMethodAccessorImpl.java:43)
	at java.base/java.lang.reflect.Method.invoke(Method.java:568)
	at org.testng.internal.invokers.MethodInvocationHelper.invokeMethod(MethodInvocationHelper.java:139)
	at org.testng.internal.invokers.TestInvoker.invokeMethod(TestInvoker.java:664)
	at org.testng.internal.invokers.TestInvoker.invokeTestMethod(TestInvoker.java:228)
	at org.testng.internal.invokers.MethodRunner.runInSequence(MethodRunner.java:63)
	at org.testng.internal.invokers.TestInvoker$MethodInvocationAgent.invoke(TestInvoker.java:961)
	at org.testng.internal.invokers.TestInvoker.invokeTestMethods(TestInvoker.java:201)
	at org.testng.internal.invokers.TestMethodWorker.invokeTestMethods(TestMethodWorker.java:148)
	at org.testng.internal.invokers.TestMethodWorker.run(TestMethodWorker.java:128)
	at java.base/java.util.ArrayList.forEach(ArrayList.java:1511)
	at org.testng.TestRunner.privateRun(TestRunner.java:819)
	at org.testng.TestRunner.run(TestRunner.java:619)
	at org.testng.SuiteRunner.runTest(SuiteRunner.java:443)
	at org.testng.SuiteRunner.runSequentially(SuiteRunner.java:437)
	at org.testng.SuiteRunner.privateRun(SuiteRunner.java:397)
	at org.testng.SuiteRunner.run(SuiteRunner.java:336)
	at org.testng.SuiteRunnerWorker.runSuite(SuiteRunnerWorker.java:52)
	at org.testng.SuiteRunnerWorker.run(SuiteRunnerWorker.java:95)
	at org.testng.TestNG.runSuitesSequentially(TestNG.java:1301)
	at org.testng.TestNG.runSuitesLocally(TestNG.java:1228)
	at org.testng.TestNG.runSuites(TestNG.java:1134)
	at org.testng.TestNG.run(TestNG.java:1101)
	at org.apache.maven.surefire.testng.TestNGExecutor.run(TestNGExecutor.java:308)
	at org.apache.maven.surefire.testng.TestNGXmlTestSuite.execute(TestNGXmlTestSuite.java:71)
	at org.apache.maven.surefire.testng.TestNGProvider.invoke(TestNGProvider.java:113)
	at org.apache.maven.surefire.booter.ForkedBooter.runSuitesInProcess(ForkedBooter.java:385)
	at org.apache.maven.surefire.booter.ForkedBooter.execute(ForkedBooter.java:162)
	at org.apache.maven.surefire.booter.ForkedBooter.run(ForkedBooter.java:507)
	at org.apache.maven.surefire.booter.ForkedBooter.main(ForkedBooter.java:495)
</pre></div></td>
<td>0</td>
<td>testCases.TS_05_GetListOfSubMenuItems@5e7cd6cc</td></tr>
</table><p>
<table width='100%' border='1' class='invocation-passed'>
<tr><td colspan='4' align='center'><b>PASSED TESTS</b></td></tr>
<tr><td><b>Test method</b></td>
<td><b>Attribute(s)</b></td>
<td width="30%"><b>Exception</b></td>
<td width="10%"><b>Time (seconds)</b></td>
<td><b>Instance</b></td>
</tr>
<tr>
<td title='testCases.TS_06_GiftCardCustomization.tc_019_giftCardCustomization()'><b>tc_019_giftCardCustomization</b><br>Test class: testCases.TS_06_GiftCardCustomization</td>
<td></td>
<td>0</td>
<td>testCases.TS_06_GiftCardCustomization@d554c5f</td></tr>
<tr>
<td title='testCases.TS_02_VisibilityOfBookshelvesFilters.tc_009_isStorageTypeFilterHoverable()'><b>tc_009_isStorageTypeFilterHoverable</b><br>Test class: testCases.TS_02_VisibilityOfBookshelvesFilters</td>
<td></td>
<td>0</td>
<td>testCases.TS_02_VisibilityOfBookshelvesFilters@57bc27f5</td></tr>
<tr>
<td title='testCases.TS_07_RecipientAndSenderDetails.tc_021_validateErrorMessageWithoutNameInSenderDetails()'><b>tc_021_validateErrorMessageWithoutNameInSenderDetails</b><br>Test class: testCases.TS_07_RecipientAndSenderDetails</td>
<td></td>
<td>0</td>
<td>testCases.TS_07_RecipientAndSenderDetails@2dfaea86</td></tr>
<tr>
<td title='testCases.TS_07_RecipientAndSenderDetails.tc_023_validateErrorMessageWithInvalidEmailInSenderDetails()'><b>tc_023_validateErrorMessageWithInvalidEmailInSenderDetails</b><br>Test class: testCases.TS_07_RecipientAndSenderDetails</td>
<td></td>
<td>0</td>
<td>testCases.TS_07_RecipientAndSenderDetails@2dfaea86</td></tr>
<tr>
<td title='testCases.TS_07_RecipientAndSenderDetails.tc_025_validateErrorMessageWithInvalidMobileNumberInSenderDetails()'><b>tc_025_validateErrorMessageWithInvalidMobileNumberInSenderDetails</b><br>Test class: testCases.TS_07_RecipientAndSenderDetails</td>
<td></td>
<td>0</td>
<td>testCases.TS_07_RecipientAndSenderDetails@2dfaea86</td></tr>
<tr>
<td title='testCases.TS_02_VisibilityOfBookshelvesFilters.tc_003_handlePopup()'><b>tc_003_handlePopup</b><br>Test class: testCases.TS_02_VisibilityOfBookshelvesFilters</td>
<td></td>
<td>5</td>
<td>testCases.TS_02_VisibilityOfBookshelvesFilters@57bc27f5</td></tr>
<tr>
<td title='testCases.TS_01_NavigateToBookshelvesPage.tc_001_isBookShelvesButtonPresent()'><b>tc_001_isBookShelvesButtonPresent</b><br>Test class: testCases.TS_01_NavigateToBookshelvesPage</td>
<td></td>
<td>0</td>
<td>testCases.TS_01_NavigateToBookshelvesPage@480d3575</td></tr>
<tr>
<td title='testCases.TS_06_GiftCardCustomization.tc_018_verifyBirthdayCardIsDisplayed()'><b>tc_018_verifyBirthdayCardIsDisplayed</b><br>Test class: testCases.TS_06_GiftCardCustomization</td>
<td></td>
<td>0</td>
<td>testCases.TS_06_GiftCardCustomization@d554c5f</td></tr>
<tr>
<td title='testCases.TS_02_VisibilityOfBookshelvesFilters.tc_008_isPriceFilterHoverable()'><b>tc_008_isPriceFilterHoverable</b><br>Test class: testCases.TS_02_VisibilityOfBookshelvesFilters</td>
<td></td>
<td>0</td>
<td>testCases.TS_02_VisibilityOfBookshelvesFilters@57bc27f5</td></tr>
<tr>
<td title='testCases.TS_03_SettingTheRequiredFilters.tc_010_setPriceSlider()'><b>tc_010_setPriceSlider</b><br>Test class: testCases.TS_03_SettingTheRequiredFilters</td>
<td></td>
<td>0</td>
<td>testCases.TS_03_SettingTheRequiredFilters@5fb759d6</td></tr>
<tr>
<td title='testCases.TS_07_RecipientAndSenderDetails.tc_024_validateErrorMessageWithoutMobileNumberInSenderDetails()'><b>tc_024_validateErrorMessageWithoutMobileNumberInSenderDetails</b><br>Test class: testCases.TS_07_RecipientAndSenderDetails</td>
<td></td>
<td>0</td>
<td>testCases.TS_07_RecipientAndSenderDetails@2dfaea86</td></tr>
<tr>
<td title='testCases.TS_02_VisibilityOfBookshelvesFilters.tc_006_isBrandFilterPresent()'><b>tc_006_isBrandFilterPresent</b><br>Test class: testCases.TS_02_VisibilityOfBookshelvesFilters</td>
<td></td>
<td>0</td>
<td>testCases.TS_02_VisibilityOfBookshelvesFilters@57bc27f5</td></tr>
<tr>
<td title='testCases.TS_02_VisibilityOfBookshelvesFilters.tc_004_isPriceFilterPresent()'><b>tc_004_isPriceFilterPresent</b><br>Test class: testCases.TS_02_VisibilityOfBookshelvesFilters</td>
<td></td>
<td>0</td>
<td>testCases.TS_02_VisibilityOfBookshelvesFilters@57bc27f5</td></tr>
<tr>
<td title='testCases.TS_07_RecipientAndSenderDetails.tc_020_enterRecipientDetails()'><b>tc_020_enterRecipientDetails</b><br>Test class: testCases.TS_07_RecipientAndSenderDetails</td>
<td></td>
<td>0</td>
<td>testCases.TS_07_RecipientAndSenderDetails@2dfaea86</td></tr>
<tr>
<td title='testCases.TS_02_VisibilityOfBookshelvesFilters.tc_005_isStorageTypeFilterPresent()'><b>tc_005_isStorageTypeFilterPresent</b><br>Test class: testCases.TS_02_VisibilityOfBookshelvesFilters</td>
<td></td>
<td>0</td>
<td>testCases.TS_02_VisibilityOfBookshelvesFilters@57bc27f5</td></tr>
<tr>
<td title='testCases.TS_02_VisibilityOfBookshelvesFilters.tc_007_isOutOfStockCheckboxPresent()'><b>tc_007_isOutOfStockCheckboxPresent</b><br>Test class: testCases.TS_02_VisibilityOfBookshelvesFilters</td>
<td></td>
<td>0</td>
<td>testCases.TS_02_VisibilityOfBookshelvesFilters@57bc27f5</td></tr>
<tr>
<td title='testCases.TS_06_GiftCardCustomization.tc_016_validateGiftCardButton()'><b>tc_016_validateGiftCardButton</b><br>Test class: testCases.TS_06_GiftCardCustomization</td>
<td></td>
<td>0</td>
<td>testCases.TS_06_GiftCardCustomization@d554c5f</td></tr>
<tr>
<td title='testCases.TS_01_NavigateToBookshelvesPage.tc_002_verifyBookshelvesPage()'><b>tc_002_verifyBookshelvesPage</b><br>Test class: testCases.TS_01_NavigateToBookshelvesPage</td>
<td></td>
<td>2</td>
<td>testCases.TS_01_NavigateToBookshelvesPage@480d3575</td></tr>
<tr>
<td title='testCases.TS_03_SettingTheRequiredFilters.tc_012_checkOutOfStock()'><b>tc_012_checkOutOfStock</b><br>Test class: testCases.TS_03_SettingTheRequiredFilters</td>
<td></td>
<td>0</td>
<td>testCases.TS_03_SettingTheRequiredFilters@5fb759d6</td></tr>
<tr>
<td title='testCases.TS_07_RecipientAndSenderDetails.tc_026_validateErrorMessageWithoutAddressInSenderDetails()'><b>tc_026_validateErrorMessageWithoutAddressInSenderDetails</b><br>Test class: testCases.TS_07_RecipientAndSenderDetails</td>
<td></td>
<td>0</td>
<td>testCases.TS_07_RecipientAndSenderDetails@2dfaea86</td></tr>
<tr>
<td title='testCases.TS_03_SettingTheRequiredFilters.tc_011_setStorageType()'><b>tc_011_setStorageType</b><br>Test class: testCases.TS_03_SettingTheRequiredFilters</td>
<td></td>
<td>0</td>
<td>testCases.TS_03_SettingTheRequiredFilters@5fb759d6</td></tr>
<tr>
<td title='testCases.TS_07_RecipientAndSenderDetails.tc_022_validateErrorMessageWithoutEmailInSenderDetails()'><b>tc_022_validateErrorMessageWithoutEmailInSenderDetails</b><br>Test class: testCases.TS_07_RecipientAndSenderDetails</td>
<td></td>
<td>0</td>
<td>testCases.TS_07_RecipientAndSenderDetails@2dfaea86</td></tr>
<tr>
<td title='testCases.TS_06_GiftCardCustomization.tc_017_navigateToGiftCardsPage()'><b>tc_017_navigateToGiftCardsPage</b><br>Test class: testCases.TS_06_GiftCardCustomization</td>
<td></td>
<td>5</td>
<td>testCases.TS_06_GiftCardCustomization@d554c5f</td></tr>
</table><p>
</body>
</html>